<?xml version="1.0" encoding="UTF-8" ?>
<testsuite failures="0" time="1.477" errors="2" skipped="1" tests="3" name="net.ahm.careengine.command.activemeasure.ActiveMeasurePersistenceCommandTest">
  <properties>
[...]
</properties>
  <testcase time="0.328" classname="net.ahm.careengine.command.activemeasure.ActiveMeasurePersistenceCommandTest" name="testPersisterInitialization">
    <skipped/>
  </testcase>
  <testcase time="1.06" classname="net.ahm.careengine.command.activemeasure.ActiveMeasurePersistenceCommandTest" name="testDAONotNull">
    <error message="Failed to load ApplicationContext" type="java.lang.IllegalStateException">java.lang.IllegalStateException: Failed to load ApplicationContext
	at org.jasypt.encryption.pbe.config.SimplePBEConfig.getPasswordCharArray(SimplePBEConfig.java:434)
	at org.jasypt.encryption.pbe.StandardPBEByteEncryptor.resolveConfigurationPassword(StandardPBEByteEncryptor.java:783)
	at org.jasypt.encryption.pbe.StandardPBEByteEncryptor.initialize(StandardPBEByteEncryptor.java:598)
	at org.jasypt.encryption.pbe.StandardPBEStringEncryptor.initialize(StandardPBEStringEncryptor.java:553)
	at org.jasypt.encryption.pbe.StandardPBEStringEncryptor.decrypt(StandardPBEStringEncryptor.java:705)
	at org.jasypt.properties.PropertyValueEncryptionUtils.decrypt(PropertyValueEncryptionUtils.java:72)
	at org.jasypt.spring31.properties.EncryptablePropertySourcesPlaceholderConfigurer.convertPropertyValue(EncryptablePropertySourcesPlaceholderConfigurer.java:143)
	at org.springframework.beans.factory.config.PropertyResourceConfigurer.convertProperty(PropertyResourceConfigurer.java:121)
	at org.springframework.beans.factory.config.PropertyResourceConfigurer.convertProperties(PropertyResourceConfigurer.java:104)
	at org.jasypt.spring31.properties.EncryptablePropertySourcesPlaceholderConfigurer.convertProperties(EncryptablePropertySourcesPlaceholderConfigurer.java:125)
	at org.jasypt.spring31.properties.EncryptablePropertySourcesPlaceholderConfigurer.mergeProperties(EncryptablePropertySourcesPlaceholderConfigurer.java:112)
	at org.springframework.context.support.PropertySourcesPlaceholderConfigurer.postProcessBeanFactory(PropertySourcesPlaceholderConfigurer.java:138)
	at org.springframework.context.support.AbstractApplicationContext.invokeBeanFactoryPostProcessors(AbstractApplicationContext.java:681)
	at org.springframework.context.support.AbstractApplicationContext.invokeBeanFactoryPostProcessors(AbstractApplicationContext.java:656)
	at org.springframework.context.support.AbstractApplicationContext.refresh(AbstractApplicationContext.java:446)
	at org.springframework.test.context.support.AbstractGenericContextLoader.loadContext(AbstractGenericContextLoader.java:103)
	at org.springframework.test.context.support.AbstractGenericContextLoader.loadContext(AbstractGenericContextLoader.java:1)
	at org.springframework.test.context.support.DelegatingSmartContextLoader.loadContext(DelegatingSmartContextLoader.java:228)
	at org.springframework.test.context.TestContext.loadApplicationContext(TestContext.java:124)
	at org.springframework.test.context.TestContext.getApplicationContext(TestContext.java:148)
	at org.springframework.test.context.support.DependencyInjectionTestExecutionListener.injectDependencies(DependencyInjectionTestExecutionListener.java:109)
	at org.springframework.test.context.support.DependencyInjectionTestExecutionListener.prepareTestInstance(DependencyInjectionTestExecutionListener.java:75)
	at org.springframework.test.context.TestContextManager.prepareTestInstance(TestContextManager.java:321)
	at org.springframework.test.context.junit4.SpringJUnit4ClassRunner.createTest(SpringJUnit4ClassRunner.java:211)
	at org.springframework.test.context.junit4.SpringJUnit4ClassRunner$1.runReflectiveCall(SpringJUnit4ClassRunner.java:288)
	at org.junit.internal.runners.model.ReflectiveCallable.run(ReflectiveCallable.java:12)
	at org.springframework.test.context.junit4.SpringJUnit4ClassRunner.methodBlock(SpringJUnit4ClassRunner.java:290)
	at org.springframework.test.context.junit4.SpringJUnit4ClassRunner.runChild(SpringJUnit4ClassRunner.java:231)
	at org.junit.runners.BlockJUnit4ClassRunner.runChild(BlockJUnit4ClassRunner.java:50)
	at org.junit.runners.ParentRunner$3.run(ParentRunner.java:238)
	at org.junit.runners.ParentRunner$1.schedule(ParentRunner.java:63)
	at org.junit.runners.ParentRunner.runChildren(ParentRunner.java:236)
	at org.junit.runners.ParentRunner.access$000(ParentRunner.java:53)
	at org.junit.runners.ParentRunner$2.evaluate(ParentRunner.java:229)
	at org.springframework.test.context.junit4.statements.RunBeforeTestClassCallbacks.evaluate(RunBeforeTestClassCallbacks.java:61)
	at org.springframework.test.context.junit4.statements.RunAfterTestClassCallbacks.evaluate(RunAfterTestClassCallbacks.java:71)
	at org.junit.runners.ParentRunner.run(ParentRunner.java:309)
	at org.springframework.test.context.junit4.SpringJUnit4ClassRunner.run(SpringJUnit4ClassRunner.java:174)
	at org.apache.maven.surefire.junit4.JUnit4Provider.execute(JUnit4Provider.java:264)
	at org.apache.maven.surefire.junit4.JUnit4Provider.executeTestSet(JUnit4Provider.java:153)
	at org.apache.maven.surefire.junit4.JUnit4Provider.invoke(JUnit4Provider.java:124)
	at sun.reflect.NativeMethodAccessorImpl.invoke0(Native Method)
	at sun.reflect.NativeMethodAccessorImpl.invoke(NativeMethodAccessorImpl.java:57)
	at sun.reflect.DelegatingMethodAccessorImpl.invoke(DelegatingMethodAccessorImpl.java:43)
	at java.lang.reflect.Method.invoke(Method.java:606)
	at org.apache.maven.surefire.util.ReflectionUtils.invokeMethodWithArray2(ReflectionUtils.java:208)
	at org.apache.maven.surefire.booter.ProviderFactory$ProviderProxy.invoke(ProviderFactory.java:158)
	at org.apache.maven.surefire.booter.ProviderFactory.invokeProvider(ProviderFactory.java:86)
	at org.apache.maven.surefire.booter.ForkedBooter.runSuitesInProcess(ForkedBooter.java:153)
	at org.apache.maven.surefire.booter.ForkedBooter.main(ForkedBooter.java:95)
</error>
    <system-out>2017-06-01 03:45:00,091 INFO [org.springframework.beans.factory.xml.XmlBeanDefinitionReader] - &lt;Loading XML bean definitions from class path resource [META-INF/activemeasurebeans.xml]&gt;
2017-06-01 03:45:00,581 INFO [org.springframework.context.support.GenericApplicationContext] - &lt;Refreshing org.springframework.context.support.GenericApplicationContext@6920d5d: startup date [Thu Jun 01 03:45:00 EDT 2017]; root of context hierarchy&gt;
2017-06-01 03:45:00,994 INFO [org.jasypt.spring31.properties.EncryptablePropertySourcesPlaceholderConfigurer] - &lt;Loading properties file from class path resource [cev2.properties]&gt;
2017-06-01 03:45:00,995 INFO [org.jasypt.spring31.properties.EncryptablePropertySourcesPlaceholderConfigurer] - &lt;Loading properties file from class path resource [rma.properties]&gt;
2017-06-01 03:45:00,997 ERROR [org.springframework.test.context.TestContextManager] - &lt;Caught exception while allowing TestExecutionListener [org.springframework.test.context.support.DependencyInjectionTestExecutionListener@1f29fb51] to prepare test instance [net.ahm.careengine.command.activemeasure.ActiveMeasurePersistenceCommandTest@7d3292d2]&gt;
java.lang.IllegalStateException: Failed to load ApplicationContext
	at org.springframework.test.context.TestContext.getApplicationContext(TestContext.java:157)
	at org.springframework.test.context.support.DependencyInjectionTestExecutionListener.injectDependencies(DependencyInjectionTestExecutionListener.java:109)
	at org.springframework.test.context.support.DependencyInjectionTestExecutionListener.prepareTestInstance(DependencyInjectionTestExecutionListener.java:75)
	at org.springframework.test.context.TestContextManager.prepareTestInstance(TestContextManager.java:321)
	at org.springframework.test.context.junit4.SpringJUnit4ClassRunner.createTest(SpringJUnit4ClassRunner.java:211)
	at org.springframework.test.context.junit4.SpringJUnit4ClassRunner$1.runReflectiveCall(SpringJUnit4ClassRunner.java:288)
	at org.junit.internal.runners.model.ReflectiveCallable.run(ReflectiveCallable.java:12)
	at org.springframework.test.context.junit4.SpringJUnit4ClassRunner.methodBlock(SpringJUnit4ClassRunner.java:290)
	at org.springframework.test.context.junit4.SpringJUnit4ClassRunner.runChild(SpringJUnit4ClassRunner.java:231)
	at org.junit.runners.BlockJUnit4ClassRunner.runChild(BlockJUnit4ClassRunner.java:50)
	at org.junit.runners.ParentRunner$3.run(ParentRunner.java:238)
	at org.junit.runners.ParentRunner$1.schedule(ParentRunner.java:63)
	at org.junit.runners.ParentRunner.runChildren(ParentRunner.java:236)
	at org.junit.runners.ParentRunner.access$000(ParentRunner.java:53)
	at org.junit.runners.ParentRunner$2.evaluate(ParentRunner.java:229)
	at org.springframework.test.context.junit4.statements.RunBeforeTestClassCallbacks.evaluate(RunBeforeTestClassCallbacks.java:61)
	at org.springframework.test.context.junit4.statements.RunAfterTestClassCallbacks.evaluate(RunAfterTestClassCallbacks.java:71)
	at org.junit.runners.ParentRunner.run(ParentRunner.java:309)
	at org.springframework.test.context.junit4.SpringJUnit4ClassRunner.run(SpringJUnit4ClassRunner.java:174)
	at org.apache.maven.surefire.junit4.JUnit4Provider.execute(JUnit4Provider.java:264)
	at org.apache.maven.surefire.junit4.JUnit4Provider.executeTestSet(JUnit4Provider.java:153)
	at org.apache.maven.surefire.junit4.JUnit4Provider.invoke(JUnit4Provider.java:124)
	at sun.reflect.NativeMethodAccessorImpl.invoke0(Native Method)
	at sun.reflect.NativeMethodAccessorImpl.invoke(NativeMethodAccessorImpl.java:57)
	at sun.reflect.DelegatingMethodAccessorImpl.invoke(DelegatingMethodAccessorImpl.java:43)
	at java.lang.reflect.Method.invoke(Method.java:606)
	at org.apache.maven.surefire.util.ReflectionUtils.invokeMethodWithArray2(ReflectionUtils.java:208)
	at org.apache.maven.surefire.booter.ProviderFactory$ProviderProxy.invoke(ProviderFactory.java:158)
	at org.apache.maven.surefire.booter.ProviderFactory.invokeProvider(ProviderFactory.java:86)
	at org.apache.maven.surefire.booter.ForkedBooter.runSuitesInProcess(ForkedBooter.java:153)
	at org.apache.maven.surefire.booter.ForkedBooter.main(ForkedBooter.java:95)
Caused by: java.lang.NullPointerException
	at org.jasypt.encryption.pbe.config.SimplePBEConfig.getPasswordCharArray(SimplePBEConfig.java:434)
	at org.jasypt.encryption.pbe.StandardPBEByteEncryptor.resolveConfigurationPassword(StandardPBEByteEncryptor.java:783)
	at org.jasypt.encryption.pbe.StandardPBEByteEncryptor.initialize(StandardPBEByteEncryptor.java:598)
	at org.jasypt.encryption.pbe.StandardPBEStringEncryptor.initialize(StandardPBEStringEncryptor.java:553)
	at org.jasypt.encryption.pbe.StandardPBEStringEncryptor.decrypt(StandardPBEStringEncryptor.java:705)
	at org.jasypt.properties.PropertyValueEncryptionUtils.decrypt(PropertyValueEncryptionUtils.java:72)
	at org.jasypt.spring31.properties.EncryptablePropertySourcesPlaceholderConfigurer.convertPropertyValue(EncryptablePropertySourcesPlaceholderConfigurer.java:143)
	at org.springframework.beans.factory.config.PropertyResourceConfigurer.convertProperty(PropertyResourceConfigurer.java:121)
	at org.springframework.beans.factory.config.PropertyResourceConfigurer.convertProperties(PropertyResourceConfigurer.java:104)
	at org.jasypt.spring31.properties.EncryptablePropertySourcesPlaceholderConfigurer.convertProperties(EncryptablePropertySourcesPlaceholderConfigurer.java:125)
	at org.jasypt.spring31.properties.EncryptablePropertySourcesPlaceholderConfigurer.mergeProperties(EncryptablePropertySourcesPlaceholderConfigurer.java:112)
	at org.springframework.context.support.PropertySourcesPlaceholderConfigurer.postProcessBeanFactory(PropertySourcesPlaceholderConfigurer.java:138)
	at org.springframework.context.support.AbstractApplicationContext.invokeBeanFactoryPostProcessors(AbstractApplicationContext.java:681)
	at org.springframework.context.support.AbstractApplicationContext.invokeBeanFactoryPostProcessors(AbstractApplicationContext.java:656)
	at org.springframework.context.support.AbstractApplicationContext.refresh(AbstractApplicationContext.java:446)
	at org.springframework.test.context.support.AbstractGenericContextLoader.loadContext(AbstractGenericContextLoader.java:103)
	at org.springframework.test.context.support.AbstractGenericContextLoader.loadContext(AbstractGenericContextLoader.java:1)
	at org.springframework.test.context.support.DelegatingSmartContextLoader.loadContext(DelegatingSmartContextLoader.java:228)
	at org.springframework.test.context.TestContext.loadApplicationContext(TestContext.java:124)
	at org.springframework.test.context.TestContext.getApplicationContext(TestContext.java:148)
	... 30 more
</system-out>
  </testcase>
  <testcase time="0.089" classname="net.ahm.careengine.command.activemeasure.ActiveMeasurePersistenceCommandTest" name="testCommandNotNull">
    <error message="Failed to load ApplicationContext" type="java.lang.IllegalStateException">java.lang.IllegalStateException: Failed to load ApplicationContext
	at org.jasypt.encryption.pbe.config.SimplePBEConfig.getPasswordCharArray(SimplePBEConfig.java:434)
	at org.jasypt.encryption.pbe.StandardPBEByteEncryptor.resolveConfigurationPassword(StandardPBEByteEncryptor.java:783)
	at org.jasypt.encryption.pbe.StandardPBEByteEncryptor.initialize(StandardPBEByteEncryptor.java:598)
	at org.jasypt.encryption.pbe.StandardPBEStringEncryptor.initialize(StandardPBEStringEncryptor.java:553)
	at org.jasypt.encryption.pbe.StandardPBEStringEncryptor.decrypt(StandardPBEStringEncryptor.java:705)
	at org.jasypt.properties.PropertyValueEncryptionUtils.decrypt(PropertyValueEncryptionUtils.java:72)
	at org.jasypt.spring31.properties.EncryptablePropertySourcesPlaceholderConfigurer.convertPropertyValue(EncryptablePropertySourcesPlaceholderConfigurer.java:143)
	at org.springframework.beans.factory.config.PropertyResourceConfigurer.convertProperty(PropertyResourceConfigurer.java:121)
	at org.springframework.beans.factory.config.PropertyResourceConfigurer.convertProperties(PropertyResourceConfigurer.java:104)
	at org.jasypt.spring31.properties.EncryptablePropertySourcesPlaceholderConfigurer.convertProperties(EncryptablePropertySourcesPlaceholderConfigurer.java:125)
	at org.jasypt.spring31.properties.EncryptablePropertySourcesPlaceholderConfigurer.mergeProperties(EncryptablePropertySourcesPlaceholderConfigurer.java:112)
	at org.springframework.context.support.PropertySourcesPlaceholderConfigurer.postProcessBeanFactory(PropertySourcesPlaceholderConfigurer.java:138)
	at org.springframework.context.support.AbstractApplicationContext.invokeBeanFactoryPostProcessors(AbstractApplicationContext.java:681)
	at org.springframework.context.support.AbstractApplicationContext.invokeBeanFactoryPostProcessors(AbstractApplicationContext.java:656)
	at org.springframework.context.support.AbstractApplicationContext.refresh(AbstractApplicationContext.java:446)
	at org.springframework.test.context.support.AbstractGenericContextLoader.loadContext(AbstractGenericContextLoader.java:103)
	at org.springframework.test.context.support.AbstractGenericContextLoader.loadContext(AbstractGenericContextLoader.java:1)
	at org.springframework.test.context.support.DelegatingSmartContextLoader.loadContext(DelegatingSmartContextLoader.java:228)
	at org.springframework.test.context.TestContext.loadApplicationContext(TestContext.java:124)
	at org.springframework.test.context.TestContext.getApplicationContext(TestContext.java:148)
	at org.springframework.test.context.support.DependencyInjectionTestExecutionListener.injectDependencies(DependencyInjectionTestExecutionListener.java:109)
	at org.springframework.test.context.support.DependencyInjectionTestExecutionListener.prepareTestInstance(DependencyInjectionTestExecutionListener.java:75)
	at org.springframework.test.context.TestContextManager.prepareTestInstance(TestContextManager.java:321)
	at org.springframework.test.context.junit4.SpringJUnit4ClassRunner.createTest(SpringJUnit4ClassRunner.java:211)
	at org.springframework.test.context.junit4.SpringJUnit4ClassRunner$1.runReflectiveCall(SpringJUnit4ClassRunner.java:288)
	at org.junit.internal.runners.model.ReflectiveCallable.run(ReflectiveCallable.java:12)
	at org.springframework.test.context.junit4.SpringJUnit4ClassRunner.methodBlock(SpringJUnit4ClassRunner.java:290)
	at org.springframework.test.context.junit4.SpringJUnit4ClassRunner.runChild(SpringJUnit4ClassRunner.java:231)
	at org.junit.runners.BlockJUnit4ClassRunner.runChild(BlockJUnit4ClassRunner.java:50)
	at org.junit.runners.ParentRunner$3.run(ParentRunner.java:238)
	at org.junit.runners.ParentRunner$1.schedule(ParentRunner.java:63)
	at org.junit.runners.ParentRunner.runChildren(ParentRunner.java:236)
	at org.junit.runners.ParentRunner.access$000(ParentRunner.java:53)
	at org.junit.runners.ParentRunner$2.evaluate(ParentRunner.java:229)
	at org.springframework.test.context.junit4.statements.RunBeforeTestClassCallbacks.evaluate(RunBeforeTestClassCallbacks.java:61)
	at org.springframework.test.context.junit4.statements.RunAfterTestClassCallbacks.evaluate(RunAfterTestClassCallbacks.java:71)
	at org.junit.runners.ParentRunner.run(ParentRunner.java:309)
	at org.springframework.test.context.junit4.SpringJUnit4ClassRunner.run(SpringJUnit4ClassRunner.java:174)
	at org.apache.maven.surefire.junit4.JUnit4Provider.execute(JUnit4Provider.java:264)
	at org.apache.maven.surefire.junit4.JUnit4Provider.executeTestSet(JUnit4Provider.java:153)
	at org.apache.maven.surefire.junit4.JUnit4Provider.invoke(JUnit4Provider.java:124)
	at sun.reflect.NativeMethodAccessorImpl.invoke0(Native Method)
	at sun.reflect.NativeMethodAccessorImpl.invoke(NativeMethodAccessorImpl.java:57)
	at sun.reflect.DelegatingMethodAccessorImpl.invoke(DelegatingMethodAccessorImpl.java:43)
	at java.lang.reflect.Method.invoke(Method.java:606)
	at org.apache.maven.surefire.util.ReflectionUtils.invokeMethodWithArray2(ReflectionUtils.java:208)
	at org.apache.maven.surefire.booter.ProviderFactory$ProviderProxy.invoke(ProviderFactory.java:158)
	at org.apache.maven.surefire.booter.ProviderFactory.invokeProvider(ProviderFactory.java:86)
	at org.apache.maven.surefire.booter.ForkedBooter.runSuitesInProcess(ForkedBooter.java:153)
	at org.apache.maven.surefire.booter.ForkedBooter.main(ForkedBooter.java:95)
</error>
    <system-out>2017-06-01 03:45:01,013 INFO [org.springframework.beans.factory.xml.XmlBeanDefinitionReader] - &lt;Loading XML bean definitions from class path resource [META-INF/activemeasurebeans.xml]&gt;
2017-06-01 03:45:01,063 INFO [org.springframework.context.support.GenericApplicationContext] - &lt;Refreshing org.springframework.context.support.GenericApplicationContext@239981aa: startup date [Thu Jun 01 03:45:01 EDT 2017]; root of context hierarchy&gt;
2017-06-01 03:45:01,095 INFO [org.jasypt.spring31.properties.EncryptablePropertySourcesPlaceholderConfigurer] - &lt;Loading properties file from class path resource [cev2.properties]&gt;
2017-06-01 03:45:01,095 INFO [org.jasypt.spring31.properties.EncryptablePropertySourcesPlaceholderConfigurer] - &lt;Loading properties file from class path resource [rma.properties]&gt;
2017-06-01 03:45:01,096 ERROR [org.springframework.test.context.TestContextManager] - &lt;Caught exception while allowing TestExecutionListener [org.springframework.test.context.support.DependencyInjectionTestExecutionListener@1f29fb51] to prepare test instance [net.ahm.careengine.command.activemeasure.ActiveMeasurePersistenceCommandTest@101bde9]&gt;
java.lang.IllegalStateException: Failed to load ApplicationContext
	at org.springframework.test.context.TestContext.getApplicationContext(TestContext.java:157)
	at org.springframework.test.context.support.DependencyInjectionTestExecutionListener.injectDependencies(DependencyInjectionTestExecutionListener.java:109)
	at org.springframework.test.context.support.DependencyInjectionTestExecutionListener.prepareTestInstance(DependencyInjectionTestExecutionListener.java:75)
	at org.springframework.test.context.TestContextManager.prepareTestInstance(TestContextManager.java:321)
	at org.springframework.test.context.junit4.SpringJUnit4ClassRunner.createTest(SpringJUnit4ClassRunner.java:211)
	at org.springframework.test.context.junit4.SpringJUnit4ClassRunner$1.runReflectiveCall(SpringJUnit4ClassRunner.java:288)
	at org.junit.internal.runners.model.ReflectiveCallable.run(ReflectiveCallable.java:12)
	at org.springframework.test.context.junit4.SpringJUnit4ClassRunner.methodBlock(SpringJUnit4ClassRunner.java:290)
	at org.springframework.test.context.junit4.SpringJUnit4ClassRunner.runChild(SpringJUnit4ClassRunner.java:231)
	at org.junit.runners.BlockJUnit4ClassRunner.runChild(BlockJUnit4ClassRunner.java:50)
	at org.junit.runners.ParentRunner$3.run(ParentRunner.java:238)
	at org.junit.runners.ParentRunner$1.schedule(ParentRunner.java:63)
	at org.junit.runners.ParentRunner.runChildren(ParentRunner.java:236)
	at org.junit.runners.ParentRunner.access$000(ParentRunner.java:53)
	at org.junit.runners.ParentRunner$2.evaluate(ParentRunner.java:229)
	at org.springframework.test.context.junit4.statements.RunBeforeTestClassCallbacks.evaluate(RunBeforeTestClassCallbacks.java:61)
	at org.springframework.test.context.junit4.statements.RunAfterTestClassCallbacks.evaluate(RunAfterTestClassCallbacks.java:71)
	at org.junit.runners.ParentRunner.run(ParentRunner.java:309)
	at org.springframework.test.context.junit4.SpringJUnit4ClassRunner.run(SpringJUnit4ClassRunner.java:174)
	at org.apache.maven.surefire.junit4.JUnit4Provider.execute(JUnit4Provider.java:264)
	at org.apache.maven.surefire.junit4.JUnit4Provider.executeTestSet(JUnit4Provider.java:153)
	at org.apache.maven.surefire.junit4.JUnit4Provider.invoke(JUnit4Provider.java:124)
	at sun.reflect.NativeMethodAccessorImpl.invoke0(Native Method)
	at sun.reflect.NativeMethodAccessorImpl.invoke(NativeMethodAccessorImpl.java:57)
	at sun.reflect.DelegatingMethodAccessorImpl.invoke(DelegatingMethodAccessorImpl.java:43)
	at java.lang.reflect.Method.invoke(Method.java:606)
	at org.apache.maven.surefire.util.ReflectionUtils.invokeMethodWithArray2(ReflectionUtils.java:208)
	at org.apache.maven.surefire.booter.ProviderFactory$ProviderProxy.invoke(ProviderFactory.java:158)
	at org.apache.maven.surefire.booter.ProviderFactory.invokeProvider(ProviderFactory.java:86)
	at org.apache.maven.surefire.booter.ForkedBooter.runSuitesInProcess(ForkedBooter.java:153)
	at org.apache.maven.surefire.booter.ForkedBooter.main(ForkedBooter.java:95)
Caused by: java.lang.NullPointerException
	at org.jasypt.encryption.pbe.config.SimplePBEConfig.getPasswordCharArray(SimplePBEConfig.java:434)
	at org.jasypt.encryption.pbe.StandardPBEByteEncryptor.resolveConfigurationPassword(StandardPBEByteEncryptor.java:783)
	at org.jasypt.encryption.pbe.StandardPBEByteEncryptor.initialize(StandardPBEByteEncryptor.java:598)
	at org.jasypt.encryption.pbe.StandardPBEStringEncryptor.initialize(StandardPBEStringEncryptor.java:553)
	at org.jasypt.encryption.pbe.StandardPBEStringEncryptor.decrypt(StandardPBEStringEncryptor.java:705)
	at org.jasypt.properties.PropertyValueEncryptionUtils.decrypt(PropertyValueEncryptionUtils.java:72)
	at org.jasypt.spring31.properties.EncryptablePropertySourcesPlaceholderConfigurer.convertPropertyValue(EncryptablePropertySourcesPlaceholderConfigurer.java:143)
	at org.springframework.beans.factory.config.PropertyResourceConfigurer.convertProperty(PropertyResourceConfigurer.java:121)
	at org.springframework.beans.factory.config.PropertyResourceConfigurer.convertProperties(PropertyResourceConfigurer.java:104)
	at org.jasypt.spring31.properties.EncryptablePropertySourcesPlaceholderConfigurer.convertProperties(EncryptablePropertySourcesPlaceholderConfigurer.java:125)
	at org.jasypt.spring31.properties.EncryptablePropertySourcesPlaceholderConfigurer.mergeProperties(EncryptablePropertySourcesPlaceholderConfigurer.java:112)
	at org.springframework.context.support.PropertySourcesPlaceholderConfigurer.postProcessBeanFactory(PropertySourcesPlaceholderConfigurer.java:138)
	at org.springframework.context.support.AbstractApplicationContext.invokeBeanFactoryPostProcessors(AbstractApplicationContext.java:681)
	at org.springframework.context.support.AbstractApplicationContext.invokeBeanFactoryPostProcessors(AbstractApplicationContext.java:656)
	at org.springframework.context.support.AbstractApplicationContext.refresh(AbstractApplicationContext.java:446)
	at org.springframework.test.context.support.AbstractGenericContextLoader.loadContext(AbstractGenericContextLoader.java:103)
	at org.springframework.test.context.support.AbstractGenericContextLoader.loadContext(AbstractGenericContextLoader.java:1)
	at org.springframework.test.context.support.DelegatingSmartContextLoader.loadContext(DelegatingSmartContextLoader.java:228)
	at org.springframework.test.context.TestContext.loadApplicationContext(TestContext.java:124)
	at org.springframework.test.context.TestContext.getApplicationContext(TestContext.java:148)
	... 30 more
</system-out>
  </testcase>
</testsuite>