<?xml version="1.0" encoding="UTF-8" ?>
<testsuite failures="0" time="0.714" errors="0" skipped="0" tests="5" name="net.ahm.activemeasure.medicalcase.year2015.aetnameasures.Average_Length_of_Stay_2015.DenomExclDiagRelatedGroupCodeTest">
  <properties>
[...]
</properties>
  <testcase time="0.068" classname="net.ahm.activemeasure.medicalcase.year2015.aetnameasures.Average_Length_of_Stay_2015.DenomExclDiagRelatedGroupCodeTest" name="testRuleFormat"/>
  <testcase time="0.468" classname="net.ahm.activemeasure.medicalcase.year2015.aetnameasures.Average_Length_of_Stay_2015.DenomExclDiagRelatedGroupCodeTest" name="testRuleSerialization"/>
  <testcase time="0.001" classname="net.ahm.activemeasure.medicalcase.year2015.aetnameasures.Average_Length_of_Stay_2015.DenomExclDiagRelatedGroupCodeTest" name="testGetUsedClasses"/>
  <testcase time="0.175" classname="net.ahm.activemeasure.medicalcase.year2015.aetnameasures.Average_Length_of_Stay_2015.DenomExclDiagRelatedGroupCodeTest" name="testRuleDeserialization"/>
  <testcase time="0.002" classname="net.ahm.activemeasure.medicalcase.year2015.aetnameasures.Average_Length_of_Stay_2015.DenomExclDiagRelatedGroupCodeTest" name="testGetExecutableExpressions"/>
</testsuite>